<?xml version="1.0" encoding="UTF-8"?>
<!-- Generated by org.testng.reporters.JUnitReportReporter -->
<testsuite hostname="LAPTOP-RJ06VQ9R" failures="1" tests="3" name="cucumberOptions.TestNGTestRunner" time="29.484" errors="0" timestamp="10 Feb 2024 06:31:49 GMT" skipped="0">
  <testcase classname="cucumberOptions.TestNGTestRunner" name="runScenario" time="8.627">
    <failure message="expected [Beetroot] but found [No data]" type="java.lang.AssertionError">
      <![CDATA[java.lang.AssertionError: expected [Beetroot] but found [No data]
at org.testng.Assert.fail(Assert.java:96)
at org.testng.Assert.failNotEquals(Assert.java:776)
at org.testng.Assert.assertEqualsImpl(Assert.java:137)
at org.testng.Assert.assertEquals(Assert.java:118)
at org.testng.Assert.assertEquals(Assert.java:453)
at org.testng.Assert.assertEquals(Assert.java:463)
at stepDefinitions.OffersPageStepDefintion.validate_product_name_in_offers_page_matches_with_landing_page(OffersPageStepDefintion.java:55)
at ✽.validate product name in offers page matches with landing page(file:///C:/Users/hp/eclipse-workspace/API_Automation/CucumberFramework/src/test/java/features/searchProduct.feature:10)
]]>
    </failure>
  </testcase> <!-- runScenario -->
  <testcase classname="cucumberOptions.TestNGTestRunner" name="runScenario" time="8.443"/>
  <testcase classname="cucumberOptions.TestNGTestRunner" name="runScenario" time="12.414"/>
</testsuite> <!-- cucumberOptions.TestNGTestRunner -->
